# JRE version: OpenJDK Runtime Environment Temurin-17.0.17+10 (17.0.17+10) (build 17.0.17+10)
# Java VM: OpenJDK 64-Bit Server VM Temurin-17.0.17+10 (17.0.17+10, mixed mode, sharing, tiered, compressed oops, compressed class ptrs, g1 gc, windows-amd64)
GC Precious Log:
 CPUs: 8 total, 8 available
 Memory: 16235M
 Large Page Support: Disabled
 NUMA Support: Disabled
 Compressed Oops: Enabled (Zero based)
 Heap Region Size: 2M
 Heap Min Capacity: 8M
 Heap Initial Capacity: 254M
 Heap Max Capacity: 4G
 Pre-touch: Disabled
 Parallel Workers: 8
 Concurrent Workers: 2
 Concurrent Refinement Workers: 8
 Periodic GC: Disabled
Heap:
 garbage-first heap   total 792576K, used 372736K [0x0000000700000000, 0x0000000800000000)
  region size 2048K, 17 young (34816K), 17 survivors (34816K)
 Metaspace       used 172788K, committed 175680K, reserved 1048576K
  class space    used 23637K, committed 25024K, reserved 851968K
GC Heap History (20 events):
Event: 576.834 GC heap after
{Heap after GC invocations=90 (full 0):
 garbage-first heap   total 655360K, used 424783K [0x0000000700000000, 0x0000000800000000)
  region size 2048K, 11 young (22528K), 11 survivors (22528K)
 Metaspace       used 171164K, committed 173952K, reserved 1048576K
  class space    used 23543K, committed 24832K, reserved 851968K
}
Event: 578.097 GC heap before
{Heap before GC invocations=90 (full 0):
 garbage-first heap   total 655360K, used 549711K [0x0000000700000000, 0x0000000800000000)
  region size 2048K, 72 young (147456K), 11 survivors (22528K)
 Metaspace       used 171427K, committed 174208K, reserved 1048576K
  class space    used 23551K, committed 24896K, reserved 851968K
}
Event: 578.126 GC heap after
{Heap after GC invocations=91 (full 0):
 garbage-first heap   total 655360K, used 446106K [0x0000000700000000, 0x0000000800000000)
  region size 2048K, 9 young (18432K), 9 survivors (18432K)
 Metaspace       used 171427K, committed 174208K, reserved 1048576K
  class space    used 23551K, committed 24896K, reserved 851968K
}
Event: 579.254 GC heap before
{Heap before GC invocations=91 (full 0):
 garbage-first heap   total 655360K, used 550554K [0x0000000700000000, 0x0000000800000000)
  region size 2048K, 60 young (122880K), 9 survivors (18432K)
 Metaspace       used 171640K, committed 174464K, reserved 1048576K
  class space    used 23569K, committed 24896K, reserved 851968K
}
Event: 579.278 GC heap after
{Heap after GC invocations=92 (full 0):
 garbage-first heap   total 655360K, used 456095K [0x0000000700000000, 0x0000000800000000)
  region size 2048K, 5 young (10240K), 5 survivors (10240K)
 Metaspace       used 171640K, committed 174464K, reserved 1048576K
  class space    used 23569K, committed 24896K, reserved 851968K
}
Event: 754.005 GC heap before
{Heap before GC invocations=93 (full 0):
 garbage-first heap   total 792576K, used 531871K [0x0000000700000000, 0x0000000800000000)
  region size 2048K, 47 young (96256K), 5 survivors (10240K)
 Metaspace       used 171413K, committed 174528K, reserved 1048576K
  class space    used 23547K, committed 24960K, reserved 851968K
}
Event: 754.014 GC heap after
{Heap after GC invocations=94 (full 0):
 garbage-first heap   total 792576K, used 450529K [0x0000000700000000, 0x0000000800000000)
  region size 2048K, 2 young (4096K), 2 survivors (4096K)
 Metaspace       used 171413K, committed 174528K, reserved 1048576K
  class space    used 23547K, committed 24960K, reserved 851968K
}
Event: 754.156 GC heap before
{Heap before GC invocations=94 (full 0):
 garbage-first heap   total 792576K, used 485345K [0x0000000700000000, 0x0000000800000000)
  region size 2048K, 19 young (38912K), 2 survivors (4096K)
 Metaspace       used 171459K, committed 174528K, reserved 1048576K
  class space    used 23551K, committed 24960K, reserved 851968K
}
Event: 754.168 GC heap after
{Heap after GC invocations=95 (full 0):
 garbage-first heap   total 792576K, used 378139K [0x0000000700000000, 0x0000000800000000)
  region size 2048K, 3 young (6144K), 3 survivors (6144K)
 Metaspace       used 171459K, committed 174528K, reserved 1048576K
  class space    used 23551K, committed 24960K, reserved 851968K
}
Event: 754.482 GC heap before
{Heap before GC invocations=95 (full 0):
 garbage-first heap   total 792576K, used 408859K [0x0000000700000000, 0x0000000800000000)
  region size 2048K, 19 young (38912K), 3 survivors (6144K)
 Metaspace       used 171587K, committed 174528K, reserved 1048576K
  class space    used 23564K, committed 24960K, reserved 851968K
}
Event: 754.512 GC heap after
{Heap after GC invocations=96 (full 0):
 garbage-first heap   total 792576K, used 333372K [0x0000000700000000, 0x0000000800000000)
  region size 2048K, 3 young (6144K), 3 survivors (6144K)
 Metaspace       used 171587K, committed 174528K, reserved 1048576K
  class space    used 23564K, committed 24960K, reserved 851968K
}
Event: 754.749 GC heap before
{Heap before GC invocations=96 (full 0):
 garbage-first heap   total 792576K, used 364092K [0x0000000700000000, 0x0000000800000000)
  region size 2048K, 19 young (38912K), 3 survivors (6144K)
 Metaspace       used 171618K, committed 174528K, reserved 1048576K
  class space    used 23567K, committed 24960K, reserved 851968K
}
Event: 754.763 GC heap after
{Heap after GC invocations=97 (full 0):
 garbage-first heap   total 792576K, used 335805K [0x0000000700000000, 0x0000000800000000)
  region size 2048K, 3 young (6144K), 3 survivors (6144K)
 Metaspace       used 171618K, committed 174528K, reserved 1048576K
  class space    used 23567K, committed 24960K, reserved 851968K
}
Event: 778.659 GC heap before
{Heap before GC invocations=97 (full 0):
 garbage-first heap   total 792576K, used 622525K [0x0000000700000000, 0x0000000800000000)
  region size 2048K, 143 young (292864K), 3 survivors (6144K)
 Metaspace       used 171925K, committed 174784K, reserved 1048576K
  class space    used 23591K, committed 24960K, reserved 851968K
}
Event: 778.682 GC heap after
{Heap after GC invocations=98 (full 0):
 garbage-first heap   total 792576K, used 365294K [0x0000000700000000, 0x0000000800000000)
  region size 2048K, 17 young (34816K), 17 survivors (34816K)
 Metaspace       used 171925K, committed 174784K, reserved 1048576K
  class space    used 23591K, committed 24960K, reserved 851968K
}
Event: 781.980 GC heap before
{Heap before GC invocations=99 (full 0):
 garbage-first heap   total 792576K, used 598766K [0x0000000700000000, 0x0000000800000000)
  region size 2048K, 143 young (292864K), 17 survivors (34816K)
 Metaspace       used 172241K, committed 175040K, reserved 1048576K
  class space    used 23594K, committed 24960K, reserved 851968K
}
Event: 782.029 GC heap after
{Heap after GC invocations=100 (full 0):
 garbage-first heap   total 792576K, used 379429K [0x0000000700000000, 0x0000000800000000)
  region size 2048K, 18 young (36864K), 18 survivors (36864K)
 Metaspace       used 172241K, committed 175040K, reserved 1048576K
  class space    used 23594K, committed 24960K, reserved 851968K
}
Event: 782.039 GC heap before
{Heap before GC invocations=100 (full 0):
 garbage-first heap   total 792576K, used 381477K [0x0000000700000000, 0x0000000800000000)
  region size 2048K, 19 young (38912K), 18 survivors (36864K)
 Metaspace       used 172241K, committed 175040K, reserved 1048576K
  class space    used 23594K, committed 24960K, reserved 851968K
}
Event: 782.071 GC heap after
{Heap after GC invocations=101 (full 0):
 garbage-first heap   total 792576K, used 339040K [0x0000000700000000, 0x0000000800000000)
  region size 2048K, 3 young (6144K), 3 survivors (6144K)
 Metaspace       used 172241K, committed 175040K, reserved 1048576K
  class space    used 23594K, committed 24960K, reserved 851968K
}
Event: 790.096 GC heap before
{Heap before GC invocations=101 (full 0):
 garbage-first heap   total 792576K, used 541792K [0x0000000700000000, 0x0000000800000000)
  region size 2048K, 104 young (212992K), 3 survivors (6144K)
 Metaspace       used 172788K, committed 175680K, reserved 1048576K
  class space    used 23637K, committed 25024K, reserved 851968K
}

