# JRE version: OpenJDK Runtime Environment Temurin-17.0.17+10 (17.0.17+10) (build 17.0.17+10)
# Java VM: OpenJDK 64-Bit Server VM Temurin-17.0.17+10 (17.0.17+10, mixed mode, sharing, tiered, compressed oops, compressed class ptrs, g1 gc, windows-amd64)
GC Precious Log:
 CPUs: 8 total, 8 available
 Memory: 16235M
 Large Page Support: Disabled
 NUMA Support: Disabled
 Compressed Oops: Enabled (32-bit)
 Heap Region Size: 1M
 Heap Min Capacity: 8M
 Heap Initial Capacity: 254M
 Heap Max Capacity: 2G
 Pre-touch: Disabled
 Parallel Workers: 8
 Concurrent Workers: 2
 Concurrent Refinement Workers: 8
 Periodic GC: Disabled
Heap:
 garbage-first heap   total 475136K, used 415997K [0x0000000080000000, 0x0000000100000000)
  region size 1024K, 30 young (30720K), 4 survivors (4096K)
 Metaspace       used 132890K, committed 135232K, reserved 557056K
  class space    used 18014K, committed 19136K, reserved 425984K
GC Heap History (20 events):
Event: 123.921 GC heap before
{Heap before GC invocations=125 (full 0):
 garbage-first heap   total 475136K, used 405805K [0x0000000080000000, 0x0000000100000000)
  region size 1024K, 43 young (44032K), 6 survivors (6144K)
 Metaspace       used 126063K, committed 128320K, reserved 557056K
  class space    used 17279K, committed 18368K, reserved 425984K
}
Event: 123.932 GC heap after
{Heap after GC invocations=126 (full 0):
 garbage-first heap   total 475136K, used 374697K [0x0000000080000000, 0x0000000100000000)
  region size 1024K, 6 young (6144K), 6 survivors (6144K)
 Metaspace       used 126063K, committed 128320K, reserved 557056K
  class space    used 17279K, committed 18368K, reserved 425984K
}
Event: 124.599 GC heap before
{Heap before GC invocations=126 (full 0):
 garbage-first heap   total 475136K, used 407465K [0x0000000080000000, 0x0000000100000000)
  region size 1024K, 39 young (39936K), 6 survivors (6144K)
 Metaspace       used 128591K, committed 130880K, reserved 557056K
  class space    used 17524K, committed 18624K, reserved 425984K
}
Event: 124.607 GC heap after
{Heap after GC invocations=127 (full 0):
 garbage-first heap   total 475136K, used 381063K [0x0000000080000000, 0x0000000100000000)
  region size 1024K, 5 young (5120K), 5 survivors (5120K)
 Metaspace       used 128591K, committed 130880K, reserved 557056K
  class space    used 17524K, committed 18624K, reserved 425984K
}
Event: 125.756 GC heap before
{Heap before GC invocations=127 (full 0):
 garbage-first heap   total 475136K, used 409735K [0x0000000080000000, 0x0000000100000000)
  region size 1024K, 33 young (33792K), 5 survivors (5120K)
 Metaspace       used 128867K, committed 131136K, reserved 557056K
  class space    used 17542K, committed 18624K, reserved 425984K
}
Event: 125.759 GC heap after
{Heap after GC invocations=128 (full 0):
 garbage-first heap   total 475136K, used 377669K [0x0000000080000000, 0x0000000100000000)
  region size 1024K, 1 young (1024K), 1 survivors (1024K)
 Metaspace       used 128867K, committed 131136K, reserved 557056K
  class space    used 17542K, committed 18624K, reserved 425984K
}
Event: 126.480 GC heap before
{Heap before GC invocations=128 (full 0):
 garbage-first heap   total 475136K, used 411461K [0x0000000080000000, 0x0000000100000000)
  region size 1024K, 34 young (34816K), 1 survivors (1024K)
 Metaspace       used 128876K, committed 131200K, reserved 557056K
  class space    used 17542K, committed 18624K, reserved 425984K
}
Event: 126.482 GC heap after
{Heap after GC invocations=129 (full 0):
 garbage-first heap   total 475136K, used 377209K [0x0000000080000000, 0x0000000100000000)
  region size 1024K, 1 young (1024K), 1 survivors (1024K)
 Metaspace       used 128876K, committed 131200K, reserved 557056K
  class space    used 17542K, committed 18624K, reserved 425984K
}
Event: 128.416 GC heap before
{Heap before GC invocations=129 (full 0):
 garbage-first heap   total 475136K, used 412025K [0x0000000080000000, 0x0000000100000000)
  region size 1024K, 36 young (36864K), 1 survivors (1024K)
 Metaspace       used 129783K, committed 132096K, reserved 557056K
  class space    used 17629K, committed 18752K, reserved 425984K
}
Event: 128.419 GC heap after
{Heap after GC invocations=130 (full 0):
 garbage-first heap   total 475136K, used 377795K [0x0000000080000000, 0x0000000100000000)
  region size 1024K, 1 young (1024K), 1 survivors (1024K)
 Metaspace       used 129783K, committed 132096K, reserved 557056K
  class space    used 17629K, committed 18752K, reserved 425984K
}
Event: 129.417 GC heap before
{Heap before GC invocations=130 (full 0):
 garbage-first heap   total 475136K, used 414659K [0x0000000080000000, 0x0000000100000000)
  region size 1024K, 38 young (38912K), 1 survivors (1024K)
 Metaspace       used 130934K, committed 133184K, reserved 557056K
  class space    used 17781K, committed 18880K, reserved 425984K
}
Event: 129.423 GC heap after
{Heap after GC invocations=131 (full 0):
 garbage-first heap   total 475136K, used 380802K [0x0000000080000000, 0x0000000100000000)
  region size 1024K, 4 young (4096K), 4 survivors (4096K)
 Metaspace       used 130934K, committed 133184K, reserved 557056K
  class space    used 17781K, committed 18880K, reserved 425984K
}
Event: 130.441 GC heap before
{Heap before GC invocations=131 (full 0):
 garbage-first heap   total 475136K, used 414594K [0x0000000080000000, 0x0000000100000000)
  region size 1024K, 38 young (38912K), 4 survivors (4096K)
 Metaspace       used 131789K, committed 134080K, reserved 557056K
  class space    used 17898K, committed 19008K, reserved 425984K
}
Event: 130.447 GC heap after
{Heap after GC invocations=132 (full 0):
 garbage-first heap   total 475136K, used 382840K [0x0000000080000000, 0x0000000100000000)
  region size 1024K, 5 young (5120K), 5 survivors (5120K)
 Metaspace       used 131789K, committed 134080K, reserved 557056K
  class space    used 17898K, committed 19008K, reserved 425984K
}
Event: 131.312 GC heap before
{Heap before GC invocations=132 (full 0):
 garbage-first heap   total 475136K, used 415608K [0x0000000080000000, 0x0000000100000000)
  region size 1024K, 37 young (37888K), 5 survivors (5120K)
 Metaspace       used 132463K, committed 134784K, reserved 557056K
  class space    used 17967K, committed 19072K, reserved 425984K
}
Event: 131.318 GC heap after
{Heap after GC invocations=133 (full 0):
 garbage-first heap   total 475136K, used 385471K [0x0000000080000000, 0x0000000100000000)
  region size 1024K, 3 young (3072K), 3 survivors (3072K)
 Metaspace       used 132463K, committed 134784K, reserved 557056K
  class space    used 17967K, committed 19072K, reserved 425984K
}
Event: 131.781 GC heap before
{Heap before GC invocations=133 (full 0):
 garbage-first heap   total 475136K, used 415167K [0x0000000080000000, 0x0000000100000000)
  region size 1024K, 33 young (33792K), 3 survivors (3072K)
 Metaspace       used 132583K, committed 134912K, reserved 557056K
  class space    used 17985K, committed 19136K, reserved 425984K
}
Event: 131.786 GC heap after
{Heap after GC invocations=134 (full 0):
 garbage-first heap   total 475136K, used 388375K [0x0000000080000000, 0x0000000100000000)
  region size 1024K, 5 young (5120K), 5 survivors (5120K)
 Metaspace       used 132583K, committed 134912K, reserved 557056K
  class space    used 17985K, committed 19136K, reserved 425984K
}
Event: 132.152 GC heap before
{Heap before GC invocations=134 (full 0):
 garbage-first heap   total 475136K, used 416023K [0x0000000080000000, 0x0000000100000000)
  region size 1024K, 33 young (33792K), 5 survivors (5120K)
 Metaspace       used 132584K, committed 134912K, reserved 557056K
  class space    used 17985K, committed 19136K, reserved 425984K
}
Event: 132.158 GC heap after
{Heap after GC invocations=135 (full 0):
 garbage-first heap   total 475136K, used 389373K [0x0000000080000000, 0x0000000100000000)
  region size 1024K, 4 young (4096K), 4 survivors (4096K)
 Metaspace       used 132584K, committed 134912K, reserved 557056K
  class space    used 17985K, committed 19136K, reserved 425984K
}

