# JRE version: OpenJDK Runtime Environment Temurin-17.0.17+10 (17.0.17+10) (build 17.0.17+10)
# Java VM: OpenJDK 64-Bit Server VM Temurin-17.0.17+10 (17.0.17+10, mixed mode, sharing, tiered, compressed oops, compressed class ptrs, g1 gc, windows-amd64)
GC Precious Log:
 CPUs: 8 total, 8 available
 Memory: 16235M
 Large Page Support: Disabled
 NUMA Support: Disabled
 Compressed Oops: Enabled (32-bit)
 Heap Region Size: 1M
 Heap Min Capacity: 8M
 Heap Initial Capacity: 254M
 Heap Max Capacity: 1G
 Pre-touch: Disabled
 Parallel Workers: 8
 Concurrent Workers: 2
 Concurrent Refinement Workers: 8
 Periodic GC: Disabled
Heap:
 garbage-first heap   total 399360K, used 288043K [0x00000000c0000000, 0x0000000100000000)
  region size 1024K, 36 young (36864K), 10 survivors (10240K)
 Metaspace       used 122988K, committed 124928K, reserved 557056K
  class space    used 17135K, committed 18048K, reserved 425984K
GC Heap History (20 events):
Event: 46.135 GC heap before
{Heap before GC invocations=83 (full 0):
 garbage-first heap   total 290816K, used 247571K [0x00000000c0000000, 0x0000000100000000)
  region size 1024K, 32 young (32768K), 6 survivors (6144K)
 Metaspace       used 107783K, committed 109632K, reserved 557056K
  class space    used 15168K, committed 16064K, reserved 425984K
}
Event: 46.143 GC heap after
{Heap after GC invocations=84 (full 0):
 garbage-first heap   total 290816K, used 226059K [0x00000000c0000000, 0x0000000100000000)
  region size 1024K, 4 young (4096K), 4 survivors (4096K)
 Metaspace       used 107783K, committed 109632K, reserved 557056K
  class space    used 15168K, committed 16064K, reserved 425984K
}
Event: 46.328 GC heap before
{Heap before GC invocations=84 (full 0):
 garbage-first heap   total 290816K, used 247563K [0x00000000c0000000, 0x0000000100000000)
  region size 1024K, 26 young (26624K), 4 survivors (4096K)
 Metaspace       used 107783K, committed 109632K, reserved 557056K
  class space    used 15168K, committed 16064K, reserved 425984K
}
Event: 46.333 GC heap after
{Heap after GC invocations=85 (full 0):
 garbage-first heap   total 290816K, used 226664K [0x00000000c0000000, 0x0000000100000000)
  region size 1024K, 3 young (3072K), 3 survivors (3072K)
 Metaspace       used 107783K, committed 109632K, reserved 557056K
  class space    used 15168K, committed 16064K, reserved 425984K
}
Event: 46.453 GC heap before
{Heap before GC invocations=85 (full 0):
 garbage-first heap   total 290816K, used 249192K [0x00000000c0000000, 0x0000000100000000)
  region size 1024K, 26 young (26624K), 3 survivors (3072K)
 Metaspace       used 107783K, committed 109632K, reserved 557056K
  class space    used 15168K, committed 16064K, reserved 425984K
}
Event: 46.458 GC heap after
{Heap after GC invocations=86 (full 0):
 garbage-first heap   total 290816K, used 227125K [0x00000000c0000000, 0x0000000100000000)
  region size 1024K, 3 young (3072K), 3 survivors (3072K)
 Metaspace       used 107783K, committed 109632K, reserved 557056K
  class space    used 15168K, committed 16064K, reserved 425984K
}
Event: 46.619 GC heap before
{Heap before GC invocations=86 (full 0):
 garbage-first heap   total 399360K, used 249653K [0x00000000c0000000, 0x0000000100000000)
  region size 1024K, 26 young (26624K), 3 survivors (3072K)
 Metaspace       used 107783K, committed 109632K, reserved 557056K
  class space    used 15168K, committed 16064K, reserved 425984K
}
Event: 46.624 GC heap after
{Heap after GC invocations=87 (full 0):
 garbage-first heap   total 399360K, used 227747K [0x00000000c0000000, 0x0000000100000000)
  region size 1024K, 4 young (4096K), 4 survivors (4096K)
 Metaspace       used 107783K, committed 109632K, reserved 557056K
  class space    used 15168K, committed 16064K, reserved 425984K
}
Event: 47.796 GC heap before
{Heap before GC invocations=88 (full 0):
 garbage-first heap   total 399360K, used 330147K [0x00000000c0000000, 0x0000000100000000)
  region size 1024K, 101 young (103424K), 4 survivors (4096K)
 Metaspace       used 108137K, committed 110016K, reserved 557056K
  class space    used 15216K, committed 16128K, reserved 425984K
}
Event: 47.810 GC heap after
{Heap after GC invocations=89 (full 0):
 garbage-first heap   total 399360K, used 240257K [0x00000000c0000000, 0x0000000100000000)
  region size 1024K, 13 young (13312K), 13 survivors (13312K)
 Metaspace       used 108137K, committed 110016K, reserved 557056K
  class space    used 15216K, committed 16128K, reserved 425984K
}
Event: 47.910 GC heap before
{Heap before GC invocations=89 (full 0):
 garbage-first heap   total 399360K, used 245377K [0x00000000c0000000, 0x0000000100000000)
  region size 1024K, 19 young (19456K), 13 survivors (13312K)
 Metaspace       used 108137K, committed 110016K, reserved 557056K
  class space    used 15216K, committed 16128K, reserved 425984K
}
Event: 47.928 GC heap after
{Heap after GC invocations=90 (full 0):
 garbage-first heap   total 399360K, used 227641K [0x00000000c0000000, 0x0000000100000000)
  region size 1024K, 3 young (3072K), 3 survivors (3072K)
 Metaspace       used 108137K, committed 110016K, reserved 557056K
  class space    used 15216K, committed 16128K, reserved 425984K
}
Event: 48.352 GC heap before
{Heap before GC invocations=90 (full 0):
 garbage-first heap   total 399360K, used 324921K [0x00000000c0000000, 0x0000000100000000)
  region size 1024K, 99 young (101376K), 3 survivors (3072K)
 Metaspace       used 108137K, committed 110016K, reserved 557056K
  class space    used 15216K, committed 16128K, reserved 425984K
}
Event: 48.357 GC heap after
{Heap after GC invocations=91 (full 0):
 garbage-first heap   total 399360K, used 229216K [0x00000000c0000000, 0x0000000100000000)
  region size 1024K, 5 young (5120K), 5 survivors (5120K)
 Metaspace       used 108137K, committed 110016K, reserved 557056K
  class space    used 15216K, committed 16128K, reserved 425984K
}
Event: 50.210 GC heap before
{Heap before GC invocations=91 (full 0):
 garbage-first heap   total 399360K, used 330592K [0x00000000c0000000, 0x0000000100000000)
  region size 1024K, 103 young (105472K), 5 survivors (5120K)
 Metaspace       used 113279K, committed 115136K, reserved 557056K
  class space    used 15942K, committed 16832K, reserved 425984K
}
Event: 50.222 GC heap after
{Heap after GC invocations=92 (full 0):
 garbage-first heap   total 399360K, used 240059K [0x00000000c0000000, 0x0000000100000000)
  region size 1024K, 13 young (13312K), 13 survivors (13312K)
 Metaspace       used 113279K, committed 115136K, reserved 557056K
  class space    used 15942K, committed 16832K, reserved 425984K
}
Event: 52.240 GC heap before
{Heap before GC invocations=92 (full 0):
 garbage-first heap   total 399360K, used 329147K [0x00000000c0000000, 0x0000000100000000)
  region size 1024K, 100 young (102400K), 13 survivors (13312K)
 Metaspace       used 116583K, committed 118528K, reserved 557056K
  class space    used 16339K, committed 17280K, reserved 425984K
}
Event: 52.264 GC heap after
{Heap after GC invocations=93 (full 0):
 garbage-first heap   total 399360K, used 252796K [0x00000000c0000000, 0x0000000100000000)
  region size 1024K, 13 young (13312K), 13 survivors (13312K)
 Metaspace       used 116583K, committed 118528K, reserved 557056K
  class space    used 16339K, committed 17280K, reserved 425984K
}
Event: 53.990 GC heap before
{Heap before GC invocations=93 (full 0):
 garbage-first heap   total 399360K, used 329596K [0x00000000c0000000, 0x0000000100000000)
  region size 1024K, 88 young (90112K), 13 survivors (13312K)
 Metaspace       used 117564K, committed 119552K, reserved 557056K
  class space    used 16451K, committed 17408K, reserved 425984K
}
Event: 54.014 GC heap after
{Heap after GC invocations=94 (full 0):
 garbage-first heap   total 399360K, used 262443K [0x00000000c0000000, 0x0000000100000000)
  region size 1024K, 10 young (10240K), 10 survivors (10240K)
 Metaspace       used 117564K, committed 119552K, reserved 557056K
  class space    used 16451K, committed 17408K, reserved 425984K
}

